2023-06-14T11:57:34.798Z info: Database connection established
2023-06-14T12:06:13.354Z info: Database connection established
2023-06-14T12:08:45.348Z info: Database connection established
2023-06-14T12:12:24.141Z info: Database connection established
2023-06-14T12:12:52.665Z error: ENOENT: no such file or directory, open 'uploads/1686744772662-de6336e8-60d3-4f1a-8169-b6773a555d09-profile_user.jpeg'
2023-06-14T12:12:52.665Z error: STACK: 
2023-06-14T12:17:22.936Z info: Database connection established
2023-06-14T12:17:44.924Z info: Database connection established
2023-06-14T12:18:52.071Z info: Database connection established
2023-06-14T12:19:46.668Z info: Database connection established
2023-06-14T12:21:58.217Z error: Operation `users.findOne()` buffering timed out after 10000ms
2023-06-14T12:21:58.222Z error: STACK: 
2023-06-14T12:21:58.817Z info: Database connection established
2023-06-14T12:22:37.561Z info: Database connection established
2023-06-14T12:24:58.543Z info: Database connection established
2023-06-14T12:25:23.077Z info: Database connection established
2023-06-14T12:26:28.836Z error: Operation `users.findOne()` buffering timed out after 10000ms
2023-06-14T12:26:28.840Z error: STACK: 
2023-06-14T12:26:30.074Z info: Database connection established
2023-06-14T12:33:55.257Z info: Database connection established
2023-06-14T12:34:26.134Z info: Database connection established
2023-06-14T12:35:09.211Z info: Database connection established
2023-06-14T12:36:15.765Z info: Database connection established
2023-06-14T12:38:05.496Z error: There was a problem removing your profile picture
2023-06-14T12:38:05.501Z error: STACK: 
2023-06-14T12:38:28.159Z error: ENOENT: no such file or directory, unlink '/Users/mac/Desktop/office/crm-backend/uploads/1686746194360-75c5eb96-7e16-4ff8-b9b9-ed52e064a0d4-profile_user.jpeg'
2023-06-14T12:38:28.161Z error: There was a problem removing your profile picture
2023-06-14T12:38:28.161Z error: STACK: 
2023-06-14T12:38:39.485Z error: ENOENT: no such file or directory, unlink '/Users/mac/Desktop/office/crm-backend/uploads/1686746194360-75c5eb96-7e16-4ff8-b9b9-ed52e064a0d4-profile_user.jpeg'
2023-06-14T12:38:39.486Z error: There was a problem removing your profile picture
2023-06-14T12:38:39.487Z error: STACK: 
2023-06-14T12:42:45.880Z info: Database connection established
2023-06-14T12:42:55.825Z error: Not found
2023-06-14T12:42:55.833Z error: STACK: 
2023-06-14T12:53:39.211Z error: There was a problem removing your profile picture
2023-06-14T12:53:39.212Z error: STACK: 
2023-06-14T12:54:39.550Z info: Database connection established
2023-06-14T12:54:59.829Z info: Database connection established
2023-06-14T12:55:17.708Z info: Database connection established
2023-06-14T12:56:06.592Z error: Not found
2023-06-14T12:56:06.598Z error: STACK: 
2023-06-14T12:56:55.807Z error: ENOENT: no such file or directory, unlink '/Users/mac/Desktop/office/crm-backend/uploads/1686747335091-fe934417-2fea-46d8-ba56-4f9b4b0f8323-profile_user.jpeg'
2023-06-14T12:56:55.807Z error: There was a problem removing your profile picture
2023-06-14T12:56:55.808Z error: STACK: 
2023-06-14T12:59:12.076Z info: Database connection established
2023-06-14T12:59:43.214Z info: Database connection established
2023-06-14T12:59:59.285Z error: Not found
2023-06-14T12:59:59.292Z error: STACK: 
2023-06-14T13:04:43.661Z info: Database connection established
2023-06-14T13:05:39.999Z info: Database connection established
2023-06-14T13:06:32.148Z error: ENOENT: no such file or directory, unlink '/Users/mac/Desktop/office/crm-backend/uploads/1686747884373-b712d393-4b98-4884-92b3-13bff48122ef-profile_user.jpeg'
2023-06-14T13:06:59.916Z error: ENOENT: no such file or directory, unlink '/Users/mac/Desktop/office/crm-backend/uploads/1686747884373-b712d393-4b98-4884-92b3-13bff48122ef-profile_user.jpeg'
2023-06-14T13:14:14.847Z info: Database connection established
2023-06-14T13:23:01.337Z info: Database connection established
2023-06-14T13:23:39.631Z error: Not found
2023-06-14T13:23:39.637Z error: STACK: 
2023-06-14T13:26:34.558Z info: Database connection established
2023-06-14T13:27:56.308Z info: Database connection established
2023-06-14T13:29:17.333Z info: Database connection established
2023-06-14T13:29:38.678Z info: Database connection established
2023-06-14T13:30:32.085Z info: Database connection established
2023-06-14T13:31:16.378Z info: Database connection established
2023-06-14T13:31:37.302Z info: Database connection established
2023-06-14T13:32:00.906Z info: Database connection established
2023-06-14T13:32:20.243Z error: Not Found
2023-06-14T13:32:20.250Z error: STACK: 
2023-06-14T13:32:44.264Z info: Database connection established
2023-06-14T13:33:35.738Z info: Database connection established
2023-06-14T13:34:10.459Z info: Database connection established
2023-06-14T13:43:03.611Z info: Database connection established
2023-06-14T13:44:26.117Z info: Database connection established
2023-06-14T13:45:39.155Z info: Database connection established
2023-06-14T13:46:08.692Z info: Database connection established
2023-06-14T13:46:38.537Z info: Database connection established
2023-06-14T13:47:01.854Z info: Database connection established
2023-06-14T13:49:44.616Z info: Database connection established
2023-06-14T13:50:05.380Z info: Database connection established
2023-06-14T13:50:35.384Z info: Database connection established
2023-06-14T13:51:25.767Z info: Database connection established
2023-06-14T13:52:23.970Z info: Database connection established
2023-06-14T13:52:55.168Z info: Database connection established
2023-06-14T13:54:57.105Z info: Database connection established
2023-06-14T13:55:30.798Z info: Database connection established
2023-06-14T13:56:06.987Z info: Database connection established
2023-06-14T13:57:35.842Z info: Database connection established
2023-06-14T13:58:14.381Z info: Database connection established
2023-06-14T13:59:12.234Z info: Database connection established
2023-06-14T14:16:16.232Z info: Database connection established
2023-06-14T14:20:17.824Z error: Cast to ObjectId failed for value ":6489cbb3d4c70d6525d8fb9e" (type string) at path "_id" for model "Customer"
2023-06-14T14:20:17.828Z error: STACK: 
2023-06-14T14:52:32.885Z info: Database connection established
2023-06-14T14:53:30.883Z info: Database connection established
2023-06-14T14:54:10.006Z info: Database connection established
2023-06-14T14:55:17.057Z info: Database connection established
2023-06-14T14:55:53.104Z info: Database connection established
2023-06-14T14:57:11.523Z info: Database connection established
2023-06-14T15:07:23.407Z info: Database connection established
2023-06-14T15:14:17.446Z info: Database connection established
2023-06-14T15:14:45.013Z info: Database connection established
2023-06-14T15:15:47.259Z info: Database connection established
2023-06-14T15:17:42.756Z info: Database connection established
2023-06-14T15:19:10.929Z info: Database connection established
2023-06-14T15:19:54.732Z info: Database connection established
2023-06-14T15:20:44.700Z info: Database connection established
2023-06-14T15:22:01.830Z error: Unexpected token } in JSON at position 280
2023-06-14T15:22:01.830Z error: STACK: 
2023-06-14T15:22:05.380Z error: Invoice validation failed: projectCategory: Cast to ObjectId failed for value "Web Development" (type string) at path "projectCategory" because of "BSONError"
2023-06-14T15:22:05.386Z error: STACK: 
2023-06-14T15:24:21.322Z info: Database connection established
2023-06-14T15:25:50.605Z info: Database connection established
2023-06-14T15:26:18.347Z info: Database connection established
2023-06-14T15:30:38.422Z info: Database connection established
2023-06-14T15:31:32.301Z error: Cast to ObjectId failed for value "0" (type number) at path "purchaseHistory" because of "BSONError"
2023-06-14T15:31:32.306Z error: STACK: 
2023-06-14T15:35:00.798Z info: Database connection established
2023-06-14T15:36:59.889Z info: Database connection established
2023-06-14T15:37:39.286Z info: Database connection established
2023-06-14T15:38:29.563Z info: Database connection established
2023-06-14T15:39:36.333Z info: Database connection established
2023-06-14T15:40:45.748Z info: Database connection established
2023-06-14T15:41:21.396Z info: Database connection established
2023-06-14T15:42:02.853Z info: Database connection established
2023-06-14T15:42:32.705Z info: Database connection established
2023-06-14T15:42:34.554Z error: Cast to ObjectId failed for value "0" (type number) at path "purchaseHistory" because of "BSONError"
2023-06-14T15:42:34.558Z error: STACK: 
2023-06-14T15:43:47.938Z info: Database connection established
2023-06-14T15:45:45.316Z info: Database connection established
2023-06-14T15:47:52.382Z info: Database connection established
2023-06-14T15:49:02.937Z error: Operation `invoices.findOne()` buffering timed out after 10000ms
2023-06-14T15:49:02.942Z error: STACK: 
2023-06-14T15:49:04.264Z info: Database connection established
2023-06-14T15:53:38.177Z info: Database connection established
2023-06-14T15:56:54.209Z info: Database connection established
2023-06-14T17:42:10.020Z info: Database connection established
2023-06-14T18:17:58.926Z info: Database connection established
