2023-06-21T19:40:19.049Z error: Customer validation failed: fullName: Customer name is requured, email: Email is required
2023-06-21T19:40:19.051Z error: STACK: 
2023-06-21T19:40:34.383Z error: Customer validation failed: fullName: Customer name is requured, email: Email is required
2023-06-21T19:40:34.383Z error: STACK: 
2023-06-21T19:40:48.863Z error: Customer validation failed: fullName: Customer name is requured, email: Email is required
2023-06-21T19:40:48.863Z error: STACK: 
2023-06-21T19:40:56.942Z error: Customer validation failed: fullName: Customer name is requured, email: Email is required
2023-06-21T19:40:56.943Z error: STACK: 
2023-06-21T19:41:22.244Z error: Customer validation failed: fullName: Customer name is requured, email: Email is required
2023-06-21T19:41:22.244Z error: STACK: 
2023-06-21T19:43:21.515Z error: Customer validation failed: fullName: Customer name is requured, email: Email is required
2023-06-21T19:43:21.516Z error: STACK: 
2023-06-21T19:43:55.996Z error: Customer validation failed: fullName: Customer name is requured, email: Email is required
2023-06-21T19:43:55.997Z error: STACK: 
2023-06-21T19:44:30.415Z error: Customer validation failed: email: Email is required
2023-06-21T19:44:30.415Z error: STACK: 
2023-06-21T19:45:33.991Z error: Customer validation failed: fullName: Customer name is requured, email: Email is required
2023-06-21T19:45:33.991Z error: STACK: 
2023-06-21T19:47:05.523Z info: Database connection established
2023-06-21T19:54:53.562Z error: Customer validation failed: email: Email is required
2023-06-21T19:54:53.565Z error: STACK: 
2023-06-21T19:56:00.115Z error: Customer validation failed: fullName: Customer name is required, email: Email is required
2023-06-21T19:56:00.116Z error: STACK: 
2023-06-21T19:56:25.655Z error: Customer validation failed: fullName: Customer name is required, email: Email is required
2023-06-21T19:56:25.655Z error: STACK: 
2023-06-21T19:58:20.598Z error: Customer validation failed: fullName: Customer name is required, email: Email is required
2023-06-21T19:58:20.598Z error: STACK: 
2023-06-21T21:02:40.455Z error: Cast to ObjectId failed for value "undefined" (type string) at path "_id" for model "Customer"
2023-06-21T21:02:40.458Z error: STACK: 
2023-06-21T21:03:36.389Z error: Cast to ObjectId failed for value "undefined" (type string) at path "_id" for model "Customer"
2023-06-21T21:03:36.389Z error: STACK: 
2023-06-21T21:08:46.394Z error: Not Found
2023-06-21T21:08:46.399Z error: STACK: 
2023-06-21T21:08:51.105Z error: Not Found
2023-06-21T21:08:51.106Z error: STACK: 
2023-06-21T21:08:54.893Z error: Not Found
2023-06-21T21:08:54.894Z error: STACK: 
2023-06-21T21:08:59.212Z error: Not Found
2023-06-21T21:08:59.213Z error: STACK: 
2023-06-21T21:09:02.802Z error: Not Found
2023-06-21T21:09:02.803Z error: STACK: 
2023-06-21T21:09:08.206Z error: Not Found
2023-06-21T21:09:08.206Z error: STACK: 
2023-06-21T21:09:18.942Z error: Not Found
2023-06-21T21:09:18.943Z error: STACK: 
2023-06-21T21:09:26.571Z error: Not Found
2023-06-21T21:09:26.572Z error: STACK: 
2023-06-21T21:10:52.591Z error: Customer validation failed: fullName: Customer name is required, email: Email is required
2023-06-21T21:10:52.591Z error: STACK: 
2023-06-21T21:40:31.295Z info: Database connection established
2023-06-22T07:21:50.909Z info: Database connection established
2023-06-22T08:01:41.148Z info: Database connection established
2023-06-22T08:03:20.731Z info: Database connection established
2023-06-22T08:37:51.277Z info: Database connection established
2023-06-22T08:38:27.584Z info: Database connection established
2023-06-22T08:40:19.279Z info: Database connection established
2023-06-22T09:15:38.003Z info: Database connection established
2023-06-22T09:16:17.562Z info: Database connection established
2023-06-22T09:17:05.257Z info: Database connection established
2023-06-22T10:17:23.756Z info: Database connection established
2023-06-22T10:34:24.989Z error: E11000 duplicate key error collection: CRM-PixelsSoft.users index: email_1 dup key: { email: "admin@xpress.com" }
2023-06-22T10:34:25.007Z error: STACK: 
2023-06-22T10:38:36.951Z error: User validation failed: salary: Cast to Number failed for value "sadsa" (type string) at path "salary"
2023-06-22T10:38:36.952Z error: STACK: 
2023-06-22T10:39:56.724Z info: Database connection established
2023-06-22T10:40:03.914Z error: User validation failed: salary: Cast to Number failed for value "NaN" (type number) at path "salary"
2023-06-22T10:40:03.918Z error: STACK: 
2023-06-22T10:40:56.000Z info: Database connection established
2023-06-22T10:41:17.243Z error: User validation failed: salary: Cast to Number failed for value "NaN" (type number) at path "salary"
2023-06-22T10:41:17.247Z error: STACK: 
2023-06-22T10:42:59.869Z info: Database connection established
2023-06-22T10:43:28.202Z info: Database connection established
2023-06-22T10:47:51.729Z error: User validation failed: salary: Cast to Number failed for value "NaN" (type number) at path "salary", fullName: Name is required, designation: Designation is required, phoneNumber: Phone number is required
2023-06-22T10:47:51.733Z error: STACK: 
2023-06-22T10:48:52.912Z error: User validation failed: fullName: Name is required, designation: Designation is required, phoneNumber: Phone number is required
2023-06-22T10:48:52.913Z error: STACK: 
2023-06-22T10:49:09.137Z error: User validation failed: fullName: Name is required, designation: Designation is required, phoneNumber: Phone number is required
2023-06-22T10:49:09.137Z error: STACK: 
2023-06-22T10:56:48.193Z error: User validation failed: fullName: Name is required, designation: Designation is required, phoneNumber: Phone number is required, email: email is required, password: Password is required
2023-06-22T10:56:48.193Z error: STACK: 
2023-06-22T10:58:48.973Z error: User validation failed: fullName: Name is required, designation: Designation is required, phoneNumber: Phone number is required
2023-06-22T10:58:48.973Z error: STACK: 
2023-06-22T10:59:15.994Z error: User validation failed: fullName: Name is required, designation: Designation is required, phoneNumber: Phone number is required, email: email is required, password: Password is required
2023-06-22T10:59:15.995Z error: STACK: 
2023-06-22T12:09:26.531Z error: User validation failed: fullName: Name is required, designation: Designation is required, phoneNumber: Phone number is required
2023-06-22T12:09:26.532Z error: STACK: 
2023-06-22T12:09:28.505Z error: User validation failed: fullName: Name is required, designation: Designation is required, phoneNumber: Phone number is required
2023-06-22T12:09:28.505Z error: STACK: 
2023-06-22T12:09:30.592Z error: User validation failed: fullName: Name is required, designation: Designation is required, phoneNumber: Phone number is required
2023-06-22T12:09:30.592Z error: STACK: 
2023-06-22T12:10:22.026Z error: User validation failed: fullName: Name is required, designation: Designation is required, phoneNumber: Phone number is required
2023-06-22T12:10:22.027Z error: STACK: 
2023-06-22T12:10:23.615Z error: User validation failed: fullName: Name is required, designation: Designation is required, phoneNumber: Phone number is required
2023-06-22T12:10:23.615Z error: STACK: 
2023-06-22T12:10:27.833Z error: User validation failed: fullName: Name is required, designation: Designation is required, phoneNumber: Phone number is required
2023-06-22T12:10:27.834Z error: STACK: 
2023-06-22T12:10:31.314Z error: User validation failed: fullName: Name is required, designation: Designation is required, phoneNumber: Phone number is required
2023-06-22T12:10:31.314Z error: STACK: 
2023-06-22T12:13:07.607Z error: User validation failed: fullName: Name is required, designation: Designation is required, phoneNumber: Phone number is required
2023-06-22T12:13:07.608Z error: STACK: 
2023-06-22T12:13:13.438Z error: User validation failed: fullName: Name is required, designation: Designation is required, phoneNumber: Phone number is required
2023-06-22T12:13:13.438Z error: STACK: 
2023-06-22T12:14:37.779Z error: User validation failed: fullName: Name is required, designation: Designation is required, phoneNumber: Phone number is required, email: email is required, password: Password is required
2023-06-22T12:14:37.779Z error: STACK: 
2023-06-22T12:15:45.924Z error: User validation failed: fullName: Name is required, designation: Designation is required, phoneNumber: Phone number is required
2023-06-22T12:15:45.924Z error: STACK: 
2023-06-22T12:15:46.216Z error: User validation failed: fullName: Name is required, designation: Designation is required, phoneNumber: Phone number is required
2023-06-22T12:15:46.217Z error: STACK: 
2023-06-22T12:17:06.377Z error: User validation failed: fullName: Name is required, designation: Designation is required, phoneNumber: Phone number is required
2023-06-22T12:17:06.377Z error: STACK: 
2023-06-22T12:17:17.624Z error: User validation failed: fullName: Name is required, designation: Designation is required, phoneNumber: Phone number is required
2023-06-22T12:17:17.625Z error: STACK: 
2023-06-22T12:17:21.494Z error: User validation failed: fullName: Name is required, designation: Designation is required, phoneNumber: Phone number is required
2023-06-22T12:17:21.495Z error: STACK: 
2023-06-22T12:17:23.536Z error: User validation failed: fullName: Name is required, designation: Designation is required, phoneNumber: Phone number is required
2023-06-22T12:17:23.538Z error: STACK: 
2023-06-22T12:17:26.422Z error: User validation failed: fullName: Name is required, designation: Designation is required, phoneNumber: Phone number is required
2023-06-22T12:17:26.422Z error: STACK: 
2023-06-22T12:17:30.385Z error: User validation failed: fullName: Name is required, designation: Designation is required, phoneNumber: Phone number is required
2023-06-22T12:17:30.386Z error: STACK: 
2023-06-22T12:17:32.751Z error: User validation failed: fullName: Name is required, designation: Designation is required, phoneNumber: Phone number is required
2023-06-22T12:17:32.751Z error: STACK: 
2023-06-22T12:27:01.172Z error: User validation failed: fullName: Name is required, designation: Designation is required, phoneNumber: Phone number is required
2023-06-22T12:27:01.173Z error: STACK: 
2023-06-22T12:27:03.128Z error: User validation failed: fullName: Name is required, designation: Designation is required, phoneNumber: Phone number is required
2023-06-22T12:27:03.128Z error: STACK: 
2023-06-22T12:27:06.643Z error: User validation failed: fullName: Name is required, designation: Designation is required, phoneNumber: Phone number is required
2023-06-22T12:27:06.643Z error: STACK: 
2023-06-22T12:28:36.215Z error: User validation failed: fullName: Name is required, designation: Designation is required, phoneNumber: Phone number is required
2023-06-22T12:28:36.216Z error: STACK: 
2023-06-22T12:29:06.296Z error: User validation failed: fullName: Name is required, designation: Designation is required, phoneNumber: Phone number is required
2023-06-22T12:29:06.297Z error: STACK: 
2023-06-22T12:30:16.344Z error: User validation failed: fullName: Name is required, designation: Designation is required, phoneNumber: Phone number is required
2023-06-22T12:30:16.344Z error: STACK: 
